[debug] [2023-02-04T15:16:37.431Z] ----------------------------------------------------------------------
[debug] [2023-02-04T15:16:37.432Z] Command:       /home/shinichi-kato/.nvm/versions/node/v18.12.1/bin/node /home/shinichi-kato/.nvm/versions/node/v18.12.1/bin/firebase init
[debug] [2023-02-04T15:16:37.433Z] CLI Version:   11.22.0
[debug] [2023-02-04T15:16:37.433Z] Platform:      linux
[debug] [2023-02-04T15:16:37.433Z] Node Version:  v18.12.1
[debug] [2023-02-04T15:16:37.433Z] Time:          Sun Feb 05 2023 00:16:37 GMT+0900 (日本標準時)
[debug] [2023-02-04T15:16:37.433Z] ----------------------------------------------------------------------
[debug] 
[debug] [2023-02-04T15:16:37.438Z] > command requires scopes: ["email","openid","https://www.googleapis.com/auth/cloudplatformprojects.readonly","https://www.googleapis.com/auth/firebase","https://www.googleapis.com/auth/cloud-platform"]
[debug] [2023-02-04T15:16:37.438Z] > authorizing via signed-in user (shinichi.kato21@gmail.com)
[info] 
     ######## #### ########  ######## ########     ###     ######  ########
     ##        ##  ##     ## ##       ##     ##  ##   ##  ##       ##
     ######    ##  ########  ######   ########  #########  ######  ######
     ##        ##  ##    ##  ##       ##     ## ##     ##       ## ##
     ##       #### ##     ## ######## ########  ##     ##  ######  ########

You're about to initialize a Firebase project in this directory:

  /home/shinichi-kato/FairyBiome091

[info] 
=== Project Setup
[info] 
[info] First, let's associate this project directory with a Firebase project.
[info] You can create multiple project aliases by running firebase use --add, 
[info] but for now we'll just set up a default project.
[info] 
[debug] [2023-02-04T15:16:45.338Z] >>> [apiv2][query] GET https://firebase.googleapis.com/v1beta1/projects pageSize=100
[debug] [2023-02-04T15:16:45.986Z] <<< [apiv2][status] GET https://firebase.googleapis.com/v1beta1/projects 200
[debug] [2023-02-04T15:16:45.986Z] <<< [apiv2][body] GET https://firebase.googleapis.com/v1beta1/projects [omitted]
[info] i  Using project fairybiome091 (FairyBiome091) 
[info] 
=== Firestore Setup
[debug] [2023-02-04T15:16:47.667Z] >>> [apiv2][query] GET https://serviceusage.googleapis.com/v1/projects/fairybiome091/services/firestore.googleapis.com [none]
[debug] [2023-02-04T15:16:47.667Z] >>> [apiv2][(partial)header] GET https://serviceusage.googleapis.com/v1/projects/fairybiome091/services/firestore.googleapis.com x-goog-quota-user=projects/fairybiome091
[debug] [2023-02-04T15:16:48.802Z] <<< [apiv2][status] GET https://serviceusage.googleapis.com/v1/projects/fairybiome091/services/firestore.googleapis.com 200
[debug] [2023-02-04T15:16:48.803Z] <<< [apiv2][body] GET https://serviceusage.googleapis.com/v1/projects/fairybiome091/services/firestore.googleapis.com [omitted]
[debug] [2023-02-04T15:16:48.805Z] >>> [apiv2][query] GET https://firestore.googleapis.com/v1/projects/fairybiome091/databases/(default) [none]
[debug] [2023-02-04T15:16:49.001Z] <<< [apiv2][status] GET https://firestore.googleapis.com/v1/projects/fairybiome091/databases/(default) 200
[debug] [2023-02-04T15:16:49.002Z] <<< [apiv2][body] GET https://firestore.googleapis.com/v1/projects/fairybiome091/databases/(default) {"name":"projects/fairybiome091/databases/(default)","uid":"3aed9a2c-e4c8-45c8-a3b3-17ac1ed5734d","createTime":"2023-02-04T14:54:25.922882Z","updateTime":"2023-02-04T14:54:25.922882Z","locationId":"asia-northeast1","type":"FIRESTORE_NATIVE","concurrencyMode":"PESSIMISTIC","appEngineIntegrationMode":"DISABLED","keyPrefix":"b","etag":"ILTFycuU/PwCMML+k8uP/PwC"}
[debug] [2023-02-04T15:16:49.002Z] database_type: FIRESTORE_NATIVE
[debug] [2023-02-04T15:16:49.003Z] > command requires scopes: ["email","openid","https://www.googleapis.com/auth/cloudplatformprojects.readonly","https://www.googleapis.com/auth/firebase","https://www.googleapis.com/auth/cloud-platform"]
[debug] [2023-02-04T15:16:49.004Z] > authorizing via signed-in user (shinichi.kato21@gmail.com)
[debug] [2023-02-04T15:16:49.004Z] [iam] checking project fairybiome091 for permissions ["firebase.projects.get"]
[debug] [2023-02-04T15:16:49.006Z] >>> [apiv2][query] POST https://cloudresourcemanager.googleapis.com/v1/projects/fairybiome091:testIamPermissions [none]
[debug] [2023-02-04T15:16:49.006Z] >>> [apiv2][(partial)header] POST https://cloudresourcemanager.googleapis.com/v1/projects/fairybiome091:testIamPermissions x-goog-quota-user=projects/fairybiome091
[debug] [2023-02-04T15:16:49.007Z] >>> [apiv2][body] POST https://cloudresourcemanager.googleapis.com/v1/projects/fairybiome091:testIamPermissions {"permissions":["firebase.projects.get"]}
[debug] [2023-02-04T15:16:49.749Z] <<< [apiv2][status] POST https://cloudresourcemanager.googleapis.com/v1/projects/fairybiome091:testIamPermissions 200
[debug] [2023-02-04T15:16:49.749Z] <<< [apiv2][body] POST https://cloudresourcemanager.googleapis.com/v1/projects/fairybiome091:testIamPermissions {"permissions":["firebase.projects.get"]}
[info] 
[info] Firestore Security Rules allow you to define how and when to allow
[info] requests. You can keep these rules in your project directory
[info] and publish them with firebase deploy.
[info] 
[debug] [2023-02-04T15:17:08.088Z] >>> [apiv2][query] GET https://firebaserules.googleapis.com/v1/projects/fairybiome091/releases pageSize=10&pageToken=
[debug] [2023-02-04T15:17:08.436Z] <<< [apiv2][status] GET https://firebaserules.googleapis.com/v1/projects/fairybiome091/releases 200
[debug] [2023-02-04T15:17:08.437Z] <<< [apiv2][body] GET https://firebaserules.googleapis.com/v1/projects/fairybiome091/releases {}
[debug] [2023-02-04T15:17:08.437Z] No rulesets found, using default.
[info] 
[info] Firestore indexes allow you to perform complex queries while
[info] maintaining performance that scales with the size of the result
[info] set. You can keep index definitions in your project directory
[info] and publish them with firebase deploy.
[info] 
[debug] [2023-02-04T15:17:09.715Z] >>> [apiv2][query] GET https://firestore.googleapis.com/v1/projects/fairybiome091/databases/(default)/collectionGroups/-/indexes [none]
[debug] [2023-02-04T15:17:09.722Z] >>> [apiv2][query] GET https://firestore.googleapis.com/v1/projects/fairybiome091/databases/(default)/collectionGroups/-/fields?filter=indexConfig.usesAncestorConfig=false OR ttlConfig:* [none]
[debug] [2023-02-04T15:17:09.934Z] <<< [apiv2][status] GET https://firestore.googleapis.com/v1/projects/fairybiome091/databases/(default)/collectionGroups/-/indexes 200
[debug] [2023-02-04T15:17:09.934Z] <<< [apiv2][body] GET https://firestore.googleapis.com/v1/projects/fairybiome091/databases/(default)/collectionGroups/-/indexes {}
[debug] [2023-02-04T15:17:11.174Z] <<< [apiv2][status] GET https://firestore.googleapis.com/v1/projects/fairybiome091/databases/(default)/collectionGroups/-/fields?filter=indexConfig.usesAncestorConfig=false OR ttlConfig:* 200
[debug] [2023-02-04T15:17:11.175Z] <<< [apiv2][body] GET https://firestore.googleapis.com/v1/projects/fairybiome091/databases/(default)/collectionGroups/-/fields?filter=indexConfig.usesAncestorConfig=false OR ttlConfig:* {"fields":[{"name":"projects/fairybiome091/databases/(default)/collectionGroups/__default__/fields/*","indexConfig":{"indexes":[{"queryScope":"COLLECTION","fields":[{"fieldPath":"*","order":"ASCENDING"}],"state":"READY"},{"queryScope":"COLLECTION","fields":[{"fieldPath":"*","order":"DESCENDING"}],"state":"READY"},{"queryScope":"COLLECTION","fields":[{"fieldPath":"*","arrayConfig":"CONTAINS"}],"state":"READY"}]}}]}
[info] 
=== Hosting Setup
[info] 
[info] Your public directory is the folder (relative to your project directory) that
[info] will contain Hosting assets to be uploaded with firebase deploy. If you
[info] have a build process for your assets, use your build's output directory.
[info] 
[info] ✔  Wrote public/404.html 
[debug] [2023-02-04T15:17:55.980Z] >>> [apiv2][query] GET https://www.gstatic.com/firebasejs/releases.json [none]
[debug] [2023-02-04T15:17:56.077Z] <<< [apiv2][status] GET https://www.gstatic.com/firebasejs/releases.json 200
[debug] [2023-02-04T15:17:56.077Z] <<< [apiv2][body] GET https://www.gstatic.com/firebasejs/releases.json {"current":{"version":"9.17.1","browserURL":"https://www.gstatic.com/firebasejs/9.17.1/firebase.js","packageURL":"https://www.gstatic.com/firebasejs/9.17.1/firebase.tgz"},"live":{"version":"9.17","browserURL":"https://www.gstatic.com/firebasejs/live/9.17/firebase.js","packageURL":"https://www.gstatic.com/firebasejs/live/9.17/firebase.tgz"},"components":{"analytics":"https://www.gstatic.com/firebasejs/9.17.1/firebase-analytics.js","app":"https://www.gstatic.com/firebasejs/9.17.1/firebase-app.js","app-check":"https://www.gstatic.com/firebasejs/9.17.1/firebase-app-check.js","auth":"https://www.gstatic.com/firebasejs/9.17.1/firebase-auth.js","auth/cordova":"https://www.gstatic.com/firebasejs/9.17.1/firebase-auth/cordova.js","auth/react-native":"https://www.gstatic.com/firebasejs/9.17.1/firebase-auth/react-native.js","functions":"https://www.gstatic.com/firebasejs/9.17.1/firebase-functions.js","firestore":"https://www.gstatic.com/firebasejs/9.17.1/firebase-firestore.js","firestore/lite":"https://www.gstatic.com/firebasejs/9.17.1/firebase-firestore/lite.js","installations":"https://www.gstatic.com/firebasejs/9.17.1/firebase-installations.js","storage":"https://www.gstatic.com/firebasejs/9.17.1/firebase-storage.js","performance":"https://www.gstatic.com/firebasejs/9.17.1/firebase-performance.js","remote-config":"https://www.gstatic.com/firebasejs/9.17.1/firebase-remote-config.js","messaging":"https://www.gstatic.com/firebasejs/9.17.1/firebase-messaging.js","messaging/sw":"https://www.gstatic.com/firebasejs/9.17.1/firebase-messaging/sw.js","database":"https://www.gstatic.com/firebasejs/9.17.1/firebase-database.js","firestore.memory":"https://www.gstatic.com/firebasejs/9.17.1/firebase-firestore.memory.js"}}
[info] ✔  Wrote public/index.html 
[info] 
[info] i  Didn't detect a .git folder. Assuming /home/shinichi-kato/FairyBiome091 is the project root. 
[info] i  Authorizing with GitHub to upload your service account to a GitHub repository's secrets store. 
[info] 
[info] Visit this URL on this device to log in:
[info] https://github.com/login/oauth/authorize?client_id=89cf50f02ac6aaed3484&state=480381078&redirect_uri=http%3A%2F%2Flocalhost%3A9005&scope=read%3Auser%20repo%20public_repo
[info] 
[info] Waiting for authentication...
[debug] [2023-02-04T15:18:06.969Z] >>> [apiv2][query] POST https://github.com/login/oauth/access_token [none]
[debug] [2023-02-04T15:18:06.970Z] >>> [apiv2][body] POST https://github.com/login/oauth/access_token [stream]
[debug] [2023-02-04T15:18:07.290Z] <<< [apiv2][status] POST https://github.com/login/oauth/access_token 200
[debug] [2023-02-04T15:18:07.290Z] <<< [apiv2][body] POST https://github.com/login/oauth/access_token {"access_token":"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","token_type":"bearer","scope":"read:user,repo"}
[debug] [2023-02-04T15:18:07.311Z] >>> [apiv2][query] GET https://api.github.com/user [none]
[debug] [2023-02-04T15:18:07.652Z] <<< [apiv2][status] GET https://api.github.com/user 200
[debug] [2023-02-04T15:18:07.653Z] <<< [apiv2][body] GET https://api.github.com/user {"login":"shinichi-kato","id":36116544,"node_id":"MDQ6VXNlcjM2MTE2NTQ0","avatar_url":"https://avatars.githubusercontent.com/u/36116544?v=4","gravatar_id":"","url":"https://api.github.com/users/shinichi-kato","html_url":"https://github.com/shinichi-kato","followers_url":"https://api.github.com/users/shinichi-kato/followers","following_url":"https://api.github.com/users/shinichi-kato/following{/other_user}","gists_url":"https://api.github.com/users/shinichi-kato/gists{/gist_id}","starred_url":"https://api.github.com/users/shinichi-kato/starred{/owner}{/repo}","subscriptions_url":"https://api.github.com/users/shinichi-kato/subscriptions","organizations_url":"https://api.github.com/users/shinichi-kato/orgs","repos_url":"https://api.github.com/users/shinichi-kato/repos","events_url":"https://api.github.com/users/shinichi-kato/events{/privacy}","received_events_url":"https://api.github.com/users/shinichi-kato/received_events","type":"User","site_admin":false,"name":"Shinichi KATO, Ph. D.","company":null,"blog":"http://www.ycf.nanet.co.jp/~skato/muno/","location":null,"email":null,"hireable":null,"bio":"aiming to develop chatbots with a mental model ","twitter_username":null,"public_repos":12,"public_gists":0,"followers":2,"following":0,"created_at":"2018-02-03T22:34:58Z","updated_at":"2023-01-23T21:38:22Z","private_gists":0,"total_private_repos":0,"owned_private_repos":0,"disk_usage":99587,"collaborators":0,"two_factor_authentication":false,"plan":{"name":"free","space":976562499,"collaborators":0,"private_repos":10000}}
[info] 
[info] ✔  Success! Logged into GitHub as shinichi-kato 
[info] 
[debug] [2023-02-04T15:18:40.591Z] >>> [apiv2][query] GET https://api.github.com/repos/shinichi-kato/fairybiome-091-f/actions/secrets/public-key type=owner
[debug] [2023-02-04T15:18:40.870Z] <<< [apiv2][status] GET https://api.github.com/repos/shinichi-kato/fairybiome-091-f/actions/secrets/public-key 404
[debug] [2023-02-04T15:18:40.870Z] <<< [apiv2][body] GET https://api.github.com/repos/shinichi-kato/fairybiome-091-f/actions/secrets/public-key {"message":"Not Found","documentation_url":"https://docs.github.com/rest/reference/actions#get-a-repository-public-key"}
[debug] [2023-02-04T15:18:46.240Z] >>> [apiv2][query] GET https://api.github.com/repos/shinichi-kato/fairybiome-091-f/actions/secrets/public-key type=owner
[debug] [2023-02-04T15:18:46.522Z] <<< [apiv2][status] GET https://api.github.com/repos/shinichi-kato/fairybiome-091-f/actions/secrets/public-key 404
[debug] [2023-02-04T15:18:46.523Z] <<< [apiv2][body] GET https://api.github.com/repos/shinichi-kato/fairybiome-091-f/actions/secrets/public-key {"message":"Not Found","documentation_url":"https://docs.github.com/rest/reference/actions#get-a-repository-public-key"}
[debug] [2023-02-04T15:18:56.823Z] >>> [apiv2][query] GET https://api.github.com/repos/shinichi-kato/fairybiome-091-f/actions/secrets/public-key type=owner
[debug] [2023-02-04T15:18:57.083Z] <<< [apiv2][status] GET https://api.github.com/repos/shinichi-kato/fairybiome-091-f/actions/secrets/public-key 404
[debug] [2023-02-04T15:18:57.083Z] <<< [apiv2][body] GET https://api.github.com/repos/shinichi-kato/fairybiome-091-f/actions/secrets/public-key {"message":"Not Found","documentation_url":"https://docs.github.com/rest/reference/actions#get-a-repository-public-key"}
[debug] [2023-02-04T15:19:39.320Z] >>> [apiv2][query] GET https://api.github.com/repos/shinichi-kato/fairybiome091/actions/secrets/public-key type=owner
[debug] [2023-02-04T15:19:39.580Z] <<< [apiv2][status] GET https://api.github.com/repos/shinichi-kato/fairybiome091/actions/secrets/public-key 404
[debug] [2023-02-04T15:19:39.580Z] <<< [apiv2][body] GET https://api.github.com/repos/shinichi-kato/fairybiome091/actions/secrets/public-key {"message":"Not Found","documentation_url":"https://docs.github.com/rest/reference/actions#get-a-repository-public-key"}
[debug] [2023-02-04T15:20:12.298Z] >>> [apiv2][query] GET https://api.github.com/repos/shinichi-kato/fairybiome091/actions/secrets/public-key type=owner
[debug] [2023-02-04T15:20:12.574Z] <<< [apiv2][status] GET https://api.github.com/repos/shinichi-kato/fairybiome091/actions/secrets/public-key 404
[debug] [2023-02-04T15:20:12.575Z] <<< [apiv2][body] GET https://api.github.com/repos/shinichi-kato/fairybiome091/actions/secrets/public-key {"message":"Not Found","documentation_url":"https://docs.github.com/rest/reference/actions#get-a-repository-public-key"}
[debug] [2023-02-04T15:20:13.282Z] >>> [apiv2][query] GET https://api.github.com/repos/shinichi-kato/fairybiome091/actions/secrets/public-key type=owner
[debug] [2023-02-04T15:20:13.547Z] <<< [apiv2][status] GET https://api.github.com/repos/shinichi-kato/fairybiome091/actions/secrets/public-key 404
[debug] [2023-02-04T15:20:13.547Z] <<< [apiv2][body] GET https://api.github.com/repos/shinichi-kato/fairybiome091/actions/secrets/public-key {"message":"Not Found","documentation_url":"https://docs.github.com/rest/reference/actions#get-a-repository-public-key"}
[debug] [2023-02-04T15:20:15.884Z] >>> [apiv2][query] GET https://api.github.com/repos//actions/secrets/public-key type=owner
[debug] [2023-02-04T15:20:16.139Z] <<< [apiv2][status] GET https://api.github.com/repos//actions/secrets/public-key 404
[debug] [2023-02-04T15:20:16.139Z] <<< [apiv2][body] GET https://api.github.com/repos//actions/secrets/public-key {"message":"Not Found","documentation_url":"https://docs.github.com/rest"}
[debug] [2023-02-04T15:20:51.247Z] >>> [apiv2][query] GET https://api.github.com/repos/shinichi-kato/fairybiome091/actions/secrets/public-key type=owner
[debug] [2023-02-04T15:20:51.523Z] <<< [apiv2][status] GET https://api.github.com/repos/shinichi-kato/fairybiome091/actions/secrets/public-key 404
[debug] [2023-02-04T15:20:51.523Z] <<< [apiv2][body] GET https://api.github.com/repos/shinichi-kato/fairybiome091/actions/secrets/public-key {"message":"Not Found","documentation_url":"https://docs.github.com/rest/reference/actions#get-a-repository-public-key"}
[debug] [2023-02-04T15:20:51.847Z] >>> [apiv2][query] GET https://api.github.com/repos/shinichi-kato/fairybiome091/actions/secrets/public-key type=owner
[debug] [2023-02-04T15:20:52.110Z] <<< [apiv2][status] GET https://api.github.com/repos/shinichi-kato/fairybiome091/actions/secrets/public-key 404
[debug] [2023-02-04T15:20:52.110Z] <<< [apiv2][body] GET https://api.github.com/repos/shinichi-kato/fairybiome091/actions/secrets/public-key {"message":"Not Found","documentation_url":"https://docs.github.com/rest/reference/actions#get-a-repository-public-key"}
[debug] [2023-02-04T15:20:55.081Z] >>> [apiv2][query] GET https://api.github.com/repos/shinichi-kato/fairybiome091//actions/secrets/public-key type=owner
[debug] [2023-02-04T15:20:55.353Z] <<< [apiv2][status] GET https://api.github.com/repos/shinichi-kato/fairybiome091//actions/secrets/public-key 404
[debug] [2023-02-04T15:20:55.353Z] <<< [apiv2][body] GET https://api.github.com/repos/shinichi-kato/fairybiome091//actions/secrets/public-key {"message":"Not Found","documentation_url":"https://docs.github.com/rest"}
[debug] [2023-02-04T15:21:54.965Z] >>> [apiv2][query] GET https://api.github.com/repos//actions/secrets/public-key type=owner
[debug] [2023-02-04T15:21:55.213Z] <<< [apiv2][status] GET https://api.github.com/repos//actions/secrets/public-key 404
[debug] [2023-02-04T15:21:55.213Z] <<< [apiv2][body] GET https://api.github.com/repos//actions/secrets/public-key {"message":"Not Found","documentation_url":"https://docs.github.com/rest"}
[debug] [2023-02-04T15:22:01.668Z] >>> [apiv2][query] GET https://api.github.com/repos/fairybiome091/actions/secrets/public-key type=owner
[debug] [2023-02-04T15:22:01.929Z] <<< [apiv2][status] GET https://api.github.com/repos/fairybiome091/actions/secrets/public-key 404
[debug] [2023-02-04T15:22:01.929Z] <<< [apiv2][body] GET https://api.github.com/repos/fairybiome091/actions/secrets/public-key {"message":"Not Found","documentation_url":"https://docs.github.com/rest"}
[debug] [2023-02-04T15:23:35.123Z] >>> [apiv2][query] GET https://api.github.com/repos/(shinichi-kato/fairybiome091)/actions/secrets/public-key type=owner
[debug] [2023-02-04T15:23:35.399Z] <<< [apiv2][status] GET https://api.github.com/repos/(shinichi-kato/fairybiome091)/actions/secrets/public-key 404
[debug] [2023-02-04T15:23:35.399Z] <<< [apiv2][body] GET https://api.github.com/repos/(shinichi-kato/fairybiome091)/actions/secrets/public-key {"message":"Not Found","documentation_url":"https://docs.github.com/rest/reference/actions#get-a-repository-public-key"}
[debug] [2023-02-04T15:23:42.845Z] >>> [apiv2][query] GET https://api.github.com/repos//actions/secrets/public-key type=owner
[debug] [2023-02-04T15:23:43.099Z] <<< [apiv2][status] GET https://api.github.com/repos//actions/secrets/public-key 404
[debug] [2023-02-04T15:23:43.099Z] <<< [apiv2][body] GET https://api.github.com/repos//actions/secrets/public-key {"message":"Not Found","documentation_url":"https://docs.github.com/rest"}
[debug] [2023-02-04T15:23:43.969Z] >>> [apiv2][query] GET https://api.github.com/repos//actions/secrets/public-key type=owner
[debug] [2023-02-04T15:23:44.223Z] <<< [apiv2][status] GET https://api.github.com/repos//actions/secrets/public-key 404
[debug] [2023-02-04T15:23:44.223Z] <<< [apiv2][body] GET https://api.github.com/repos//actions/secrets/public-key {"message":"Not Found","documentation_url":"https://docs.github.com/rest"}
[debug] [2023-02-04T15:28:11.060Z] >>> [apiv2][query] GET https://api.github.com/repos//actions/secrets/public-key type=owner
[debug] [2023-02-04T15:28:11.332Z] <<< [apiv2][status] GET https://api.github.com/repos//actions/secrets/public-key 404
[debug] [2023-02-04T15:28:11.333Z] <<< [apiv2][body] GET https://api.github.com/repos//actions/secrets/public-key {"message":"Not Found","documentation_url":"https://docs.github.com/rest"}
[debug] [2023-02-04T15:28:16.875Z] >>> [apiv2][query] GET https://api.github.com/repos/shinichi-kato/fairybiome091/actions/secrets/public-key type=owner
[debug] [2023-02-04T15:28:17.167Z] <<< [apiv2][status] GET https://api.github.com/repos/shinichi-kato/fairybiome091/actions/secrets/public-key 404
[debug] [2023-02-04T15:28:17.168Z] <<< [apiv2][body] GET https://api.github.com/repos/shinichi-kato/fairybiome091/actions/secrets/public-key {"message":"Not Found","documentation_url":"https://docs.github.com/rest/reference/actions#get-a-repository-public-key"}
[debug] [2023-02-04T15:28:18.153Z] >>> [apiv2][query] GET https://api.github.com/repos/shinichi-kato/fairybiome091/actions/secrets/public-key type=owner
[debug] [2023-02-04T15:28:18.433Z] <<< [apiv2][status] GET https://api.github.com/repos/shinichi-kato/fairybiome091/actions/secrets/public-key 404
[debug] [2023-02-04T15:28:18.433Z] <<< [apiv2][body] GET https://api.github.com/repos/shinichi-kato/fairybiome091/actions/secrets/public-key {"message":"Not Found","documentation_url":"https://docs.github.com/rest/reference/actions#get-a-repository-public-key"}
